   6782.187942    
   139.8327758    
   216.6117588    
   558.5943610    
   124.7192445    
   938.5162531    
   190.2038516    
   218.0501821    
   42.26495319    
   44.45587189    
   1.018151090    
   10.53898564    
   2.304605294    
   13.87915656    
   6.103463436    
   6.569690146    
   6.354220068    
   2.688432620    
  0.6346628672    
  0.3954341917    
   1.246535222    
   1.816814651    
   2.596658733    
  0.1078566425    
   1.259828354    
  0.1428585672    
  0.7639224370E-01
  0.5196912160E-01
  0.9064381333E-01
  0.1437126005    
  0.1754611326    
  0.1383768671    
  0.3265242124E-01
  0.1614899535E-01
  0.1073575032E-01
  0.2339727884E-01
  0.1045663125E-01
  0.1732238913E-01
  0.1874026267E-01
  0.3751906635E-02
  0.2018804193E-02
  0.3630551311E-02
  0.1934493335E-02
  0.9026857506E-03
  0.5782057987E-02
  0.9023155098E-02
  0.7258108450E-02
  0.5369133400E-02
  0.3640840020E-02
  0.7697162155E-03
  0.2971430005E-02
  0.4703762403E-02
  0.4825063928E-02
  0.5760234893E-02
  0.8410897719E-02
  0.3012183699E-02
  0.6111734357E-02
  0.6164305810E-02
  0.1268199685E-04
  0.3458506762E-04
  0.1463584899E-02
  0.4552970204E-02
  0.4922224502E-02
  0.2922708899E-02
  0.1810588656E-03
  0.2304598124E-02
  0.1986649295E-05
  0.3829220350E-02
  0.7032079066E-04
  0.6592726529E-02
  0.2030078758E-04
  0.3096208065E-03
  0.4615163091E-02
  0.4711412201E-02
  0.1444405279E-04
  0.4764641162E-02
  0.5400446954E-02
  0.6722772050E-03
  0.8932146961E-02
  0.8887917257E-02
  0.2658563153E-04
  0.4808668018E-02
  0.1698832333E-02
  0.1146825418E-02
  0.4531549881E-02
  0.8644035609E-02
  0.5871551523E-02
  0.5163305508E-02
  0.3682193092E-02
  0.4138481254E-02
  0.4760711392E-02
  0.4756495717E-02
  0.3043002896E-02
  0.5437347098E-02
  0.5210852813E-02
  0.3240967138E-02
  0.4770133164E-02
  0.4755505485E-02
