     8 : nkpt
    21 : nstsv
 
     1   0.000000000       0.000000000       0.000000000     : k-point, vkl
 (state, eigenvalue and occupancy below)
     1  -1.976810845       2.000000000    
     2  -1.976374457       2.000000000    
     3  -1.976272313       2.000000000    
     4  0.2684298618       2.000000000    
     5  0.3535607614       2.000000000    
     6  0.3543576153       2.000000000    
     7  0.3627196162       2.000000000    
     8  0.3636136296       2.000000000    
     9  0.3639917223       2.000000000    
    10  0.7561760697       1.998882151    
    11  0.7600508750       1.415979251    
    12  0.7609448086      0.9377959145    
    13   2.449503286       0.000000000    
    14   3.239593631       0.000000000    
    15   3.264400807       0.000000000    
    16   3.268669283       0.000000000    
    17   4.938183558       0.000000000    
    18   4.948202366       0.000000000    
    19   4.962813453       0.000000000    
    20   4.969081627       0.000000000    
    21   4.975117950       0.000000000    
 
 
     2  0.2500000000       0.000000000       0.000000000     : k-point, vkl
 (state, eigenvalue and occupancy below)
     1  -1.976809510       2.000000000    
     2  -1.976411030       2.000000000    
     3  -1.976312750       2.000000000    
     4  0.2679799464       2.000000000    
     5  0.3536091372       2.000000000    
     6  0.3544786969       2.000000000    
     7  0.3628648270       2.000000000    
     8  0.3638029660       2.000000000    
     9  0.3641339813       2.000000000    
    10  0.7578120042       1.965506066    
    11  0.7605228183       1.171995964    
    12  0.7609902486      0.9125373751    
    13   2.451767424       0.000000000    
    14   3.240776098       0.000000000    
    15   3.262618460       0.000000000    
    16   3.267782486       0.000000000    
    17   4.912676703       0.000000000    
    18   4.925765354       0.000000000    
    19   4.954668576       0.000000000    
    20   4.975240949       0.000000000    
    21   4.978509962       0.000000000    
 
 
     3  0.5000000000       0.000000000       0.000000000     : k-point, vkl
 (state, eigenvalue and occupancy below)
     1  -1.976877745       2.000000000    
     2  -1.976471825       2.000000000    
     3  -1.976427942       2.000000000    
     4  0.2677373032       2.000000000    
     5  0.3538769629       2.000000000    
     6  0.3542486640       2.000000000    
     7  0.3631605668       2.000000000    
     8  0.3638615425       2.000000000    
     9  0.3639596437       2.000000000    
    10  0.7572385393       1.988115388    
    11  0.7601284951       1.378131356    
    12  0.7616558225      0.5648873475    
    13   2.453932460       0.000000000    
    14   3.237059185       0.000000000    
    15   3.258960250       0.000000000    
    16   3.261354646       0.000000000    
    17   4.889859797       0.000000000    
    18   4.900630014       0.000000000    
    19   4.952518849       0.000000000    
    20   4.962166484       0.000000000    
    21   4.968270502       0.000000000    
 
 
     4  0.2500000000      0.2500000000       0.000000000     : k-point, vkl
 (state, eigenvalue and occupancy below)
     1  -1.977088641       2.000000000    
     2  -1.976452457       2.000000000    
     3  -1.976349833       2.000000000    
     4  0.2678887397       2.000000000    
     5  0.3540340991       2.000000000    
     6  0.3543945201       2.000000000    
     7  0.3634561029       2.000000000    
     8  0.3639424861       2.000000000    
     9  0.3641220140       2.000000000    
    10  0.7575108871       1.979926280    
    11  0.7606390275       1.108131840    
    12  0.7624782003      0.2496971803    
    13   2.456631928       0.000000000    
    14   3.222188254       0.000000000    
    15   3.260795673       0.000000000    
    16   3.265265948       0.000000000    
    17   4.902872195       0.000000000    
    18   4.931048236       0.000000000    
    19   4.961707762       0.000000000    
    20   4.965532234       0.000000000    
    21   4.978104495       0.000000000    
 
 
     5  0.5000000000      0.2500000000       0.000000000     : k-point, vkl
 (state, eigenvalue and occupancy below)
     1  -1.976984812       2.000000000    
     2  -1.976599752       2.000000000    
     3  -1.976541005       2.000000000    
     4  0.2669386611       2.000000000    
     5  0.3538168032       2.000000000    
     6  0.3544171678       2.000000000    
     7  0.3628602546       2.000000000    
     8  0.3638018331       2.000000000    
     9  0.3640882471       2.000000000    
    10  0.7572145638       1.988669264    
    11  0.7605103931       1.178765281    
    12  0.7611137059      0.8444284284    
    13   2.452064431       0.000000000    
    14   3.229880827       0.000000000    
    15   3.251773969       0.000000000    
    16   3.255551201       0.000000000    
    17   4.899944968       0.000000000    
    18   4.912619894       0.000000000    
    19   4.944831742       0.000000000    
    20   4.952197757       0.000000000    
    21   4.963761765       0.000000000    
 
 
     6  0.7500000000      0.2500000000       0.000000000     : k-point, vkl
 (state, eigenvalue and occupancy below)
     1  -1.977112034       2.000000000    
     2  -1.976579599       2.000000000    
     3  -1.976446212       2.000000000    
     4  0.2675525908       2.000000000    
     5  0.3539170455       2.000000000    
     6  0.3543803131       2.000000000    
     7  0.3632207272       2.000000000    
     8  0.3639449471       2.000000000    
     9  0.3641457245       2.000000000    
    10  0.7573168789       1.986134578    
    11  0.7604826205       1.193847090    
    12  0.7615342047      0.6237864610    
    13   2.455472422       0.000000000    
    14   3.222878482       0.000000000    
    15   3.251091391       0.000000000    
    16   3.260610252       0.000000000    
    17   4.883191848       0.000000000    
    18   4.912120947       0.000000000    
    19   4.938577179       0.000000000    
    20   4.955282505       0.000000000    
    21   4.967634740       0.000000000    
 
 
     7  0.5000000000      0.5000000000       0.000000000     : k-point, vkl
 (state, eigenvalue and occupancy below)
     1  -1.977265626       2.000000000    
     2  -1.976773324       2.000000000    
     3  -1.976709946       2.000000000    
     4  0.2657517233       2.000000000    
     5  0.3540479120       2.000000000    
     6  0.3545672774       2.000000000    
     7  0.3634232010       2.000000000    
     8  0.3639307640       2.000000000    
     9  0.3640803671       2.000000000    
    10  0.7555335692       1.999791645    
    11  0.7589228472       1.818744177    
    12  0.7601241619       1.380272130    
    13   2.451663671       0.000000000    
    14   3.214136219       0.000000000    
    15   3.243325440       0.000000000    
    16   3.245934892       0.000000000    
    17   4.884293196       0.000000000    
    18   4.927241763       0.000000000    
    19   4.936785612       0.000000000    
    20   4.948727166       0.000000000    
    21   4.952555657       0.000000000    
 
 
     8  0.7500000000      0.5000000000      0.2500000000     : k-point, vkl
 (state, eigenvalue and occupancy below)
     1  -1.977200604       2.000000000    
     2  -1.976667393       2.000000000    
     3  -1.976592542       2.000000000    
     4  0.2669296545       2.000000000    
     5  0.3540415343       2.000000000    
     6  0.3545154531       2.000000000    
     7  0.3634297585       2.000000000    
     8  0.3639442479       2.000000000    
     9  0.3644173732       2.000000000    
    10  0.7569178164       1.993855881    
    11  0.7595160418       1.643361609    
    12  0.7614013442      0.6909860895    
    13   2.454452587       0.000000000    
    14   3.217379593       0.000000000    
    15   3.248155637       0.000000000    
    16   3.253282074       0.000000000    
    17   4.890915044       0.000000000    
    18   4.928737535       0.000000000    
    19   4.939043804       0.000000000    
    20   4.956706729       0.000000000    
    21   4.958639221       0.000000000    
 
