   222.4903006    
   9.074592638    
   16.54671575    
   48.40875780    
   155.9720097    
   8.379668343    
   14.87956324    
   154.7838363    
   147.6348758    
   27.68407166    
   102.5040321    
   133.3756335    
   29.40014697    
   103.6103495    
   133.5013160    
   29.45996193    
   103.8569903    
   133.7075703    
   29.52531273    
   104.0335916    
   133.8417703    
   29.57868574    
   104.1478548    
   133.9589547    
   29.62680270    
   104.2460344    
   134.0358414    
   29.66014515    
   104.3045998    
   134.1087739    
   29.69579446    
   104.3438823    
   134.1611433    
   29.72574273    
   104.4056723    
   134.2068203    
   29.74598669    
   104.4141373    
   134.2037292    
   30.03051501    
   103.7038116    
   133.7677548    
   31.38836298    
   100.6734757    
   132.4147271    
   30.02930292    
   104.4725154    
   134.2561220    
   31.47800893    
   100.6283343    
   132.3741475    
   30.03340211    
   104.5041791    
   134.2910368    
   31.41977323    
   100.7727261    
   132.4494767    
   30.05370416    
   104.4620147    
   134.2617917    
   31.61572365    
   100.3973628    
   132.3477077    
   30.05001275    
   104.6311848    
   134.3530518    
   31.19973142    
   101.2263398    
   132.6120893    
   30.12398027    
   104.1527757    
   134.0748573    
   31.87360479    
   99.92255591    
   132.2835540    
   30.09426406    
   104.7806958    
   134.4076373    
   30.71020725    
   102.3070380    
   133.0894458    
   30.64963738    
   102.6204779    
   133.1893944    
   30.82249765    
   102.0810651    
   132.9811734    
   30.42990143    
   103.1585274    
   133.5354177    
   31.28368821    
   101.1042423    
   132.5406701    
   30.07998615    
   104.2574400    
   134.1846219    
   31.73827690    
   100.2096884    
