     8 : nkpt
    21 : nstsv
 
     1   0.000000000       0.000000000       0.000000000     : k-point, vkl
 (state, eigenvalue and occupancy below)
     1  -1.946093929       2.000000000    
     2  -1.946093929       2.000000000    
     3  -1.946093929       2.000000000    
     4  0.8717208214E-02   2.000000000    
     5  0.1503105603       2.000000000    
     6  0.4533157252       1.988514018    
     7  0.4533157252       1.988514018    
     8  0.4533157252       1.988514018    
     9  0.4537830830       1.986543852    
    10  0.4537830830       1.986543852    
    11  0.6255691317       0.000000000    
    12  0.6255691317       0.000000000    
    13  0.6255691317       0.000000000    
    14  0.7866629462       0.000000000    
    15  0.8532913964       0.000000000    
    16  0.8964755504       0.000000000    
    17  0.9064730582       0.000000000    
    18  0.9187964793       0.000000000    
    19  0.9529469673       0.000000000    
    20  0.9668055360       0.000000000    
    21  0.9931271932       0.000000000    
 
 
     2  0.2500000000       0.000000000       0.000000000     : k-point, vkl
 (state, eigenvalue and occupancy below)
     1  -1.946093929       2.000000000    
     2  -1.946093929       2.000000000    
     3  -1.946093929       2.000000000    
     4  0.6749037916E-01   2.000000000    
     5  0.1503105603       2.000000000    
     6  0.4533157252       1.988514018    
     7  0.4533157252       1.988514018    
     8  0.4533157252       1.988514018    
     9  0.4537830830       1.986543852    
    10  0.4537830830       1.986543852    
    11  0.5187248415      0.1021750031E-06
    12  0.6255691317       0.000000000    
    13  0.6255691317       0.000000000    
    14  0.6255691317       0.000000000    
    15  0.7613600329       0.000000000    
    16  0.8178532377       0.000000000    
    17  0.8437114305       0.000000000    
    18  0.9913413752       0.000000000    
    19   1.004379095       0.000000000    
    20   1.046135219       0.000000000    
    21   1.053400378       0.000000000    
 
 
     3  0.5000000000       0.000000000       0.000000000     : k-point, vkl
 (state, eigenvalue and occupancy below)
     1  -1.946093929       2.000000000    
     2  -1.946093929       2.000000000    
     3  -1.946093929       2.000000000    
     4  0.1503105603       2.000000000    
     5  0.2386239240       2.000000000    
     6  0.2440461419       2.000000000    
     7  0.4533157252       1.988514018    
     8  0.4533157252       1.988514018    
     9  0.4533157252       1.988514018    
    10  0.4537830830       1.986543852    
    11  0.4537830830       1.986543852    
    12  0.6255691317       0.000000000    
    13  0.6255691317       0.000000000    
    14  0.6255691317       0.000000000    
    15  0.7490934090       0.000000000    
    16  0.8217190760       0.000000000    
    17  0.8549248464       0.000000000    
    18  0.8685247827       0.000000000    
    19  0.8693576893       0.000000000    
    20  0.9555154990       0.000000000    
    21   1.291471226       0.000000000    
 
 
     4  0.2500000000      0.2500000000       0.000000000     : k-point, vkl
 (state, eigenvalue and occupancy below)
     1  -1.946093929       2.000000000    
     2  -1.946093929       2.000000000    
     3  -1.946093929       2.000000000    
     4  0.8657606680E-01   2.000000000    
     5  0.1503105603       2.000000000    
     6  0.4533157252       1.988514018    
     7  0.4533157252       1.988514018    
     8  0.4533157252       1.988514018    
     9  0.4537830830       1.986543852    
    10  0.4537830830       1.986543852    
    11  0.6255691317       0.000000000    
    12  0.6255691317       0.000000000    
    13  0.6255691317       0.000000000    
    14  0.6480537859       0.000000000    
    15  0.6537133756       0.000000000    
    16  0.6930988744       0.000000000    
    17  0.7098453321       0.000000000    
    18  0.7220651265       0.000000000    
    19   1.080653451       0.000000000    
    20   1.234471430       0.000000000    
    21   1.258699304       0.000000000    
 
 
     5  0.5000000000      0.2500000000       0.000000000     : k-point, vkl
 (state, eigenvalue and occupancy below)
     1  -1.946093929       2.000000000    
     2  -1.946093929       2.000000000    
     3  -1.946093929       2.000000000    
     4  0.1503105603       2.000000000    
     5  0.2222923061       2.000000000    
     6  0.3562920062       2.000000000    
     7  0.4533157252       1.988514018    
     8  0.4533157252       1.988514018    
     9  0.4533157252       1.988514018    
    10  0.4537830830       1.986543852    
    11  0.4537830830       1.986543852    
    12  0.5290870287      0.5151967741E-10
    13  0.6045337868       0.000000000    
    14  0.6255691317       0.000000000    
    15  0.6255691317       0.000000000    
    16  0.6255691317       0.000000000    
    17  0.6894712719       0.000000000    
    18   1.001856256       0.000000000    
    19   1.150577249       0.000000000    
    20   1.156255141       0.000000000    
    21   1.280554546       0.000000000    
 
 
     6  0.7500000000      0.2500000000       0.000000000     : k-point, vkl
 (state, eigenvalue and occupancy below)
     1  -1.946093929       2.000000000    
     2  -1.946093929       2.000000000    
     3  -1.946093929       2.000000000    
     4  0.1503105603       2.000000000    
     5  0.1572939504       2.000000000    
     6  0.4533157252       1.988514018    
     7  0.4533157252       1.988514018    
     8  0.4533157252       1.988514018    
     9  0.4537830830       1.986543852    
    10  0.4537830830       1.986543852    
    11  0.4593913712       1.927879897    
    12  0.4754283001      0.8994275409    
    13  0.6255691317       0.000000000    
    14  0.6255691317       0.000000000    
    15  0.6255691317       0.000000000    
    16  0.6585307387       0.000000000    
    17  0.7910120496       0.000000000    
    18   1.042958281       0.000000000    
    19   1.089946953       0.000000000    
    20   1.107712285       0.000000000    
    21   1.154996388       0.000000000    
 
 
     7  0.5000000000      0.5000000000       0.000000000     : k-point, vkl
 (state, eigenvalue and occupancy below)
     1  -1.946093929       2.000000000    
     2  -1.946093929       2.000000000    
     3  -1.946093929       2.000000000    
     4  0.1503105603       2.000000000    
     5  0.3125588052       2.000000000    
     6  0.3234816741       2.000000000    
     7  0.4533157252       1.988514018    
     8  0.4533157252       1.988514018    
     9  0.4533157252       1.988514018    
    10  0.4537830830       1.986543852    
    11  0.4537830830       1.986543852    
    12  0.5587230608       0.000000000    
    13  0.5686082078       0.000000000    
    14  0.6211874796       0.000000000    
    15  0.6255691317       0.000000000    
    16  0.6255691317       0.000000000    
    17  0.6255691317       0.000000000    
    18  0.6496972545       0.000000000    
    19   1.209289385       0.000000000    
    20   1.266566902       0.000000000    
    21   1.461433565       0.000000000    
 
 
     8  0.7500000000      0.5000000000      0.2500000000     : k-point, vkl
 (state, eigenvalue and occupancy below)
     1  -1.946093929       2.000000000    
     2  -1.946093929       2.000000000    
     3  -1.946093929       2.000000000    
     4  0.1503105603       2.000000000    
     5  0.3587967023       2.000000000    
     6  0.3721816177       2.000000000    
     7  0.3885739624       2.000000000    
     8  0.4016283422       2.000000000    
     9  0.4533157252       1.988514018    
    10  0.4533157252       1.988514018    
    11  0.4533157252       1.988514018    
    12  0.4537830830       1.986543852    
    13  0.4537830830       1.986543852    
    14  0.6255691317       0.000000000    
    15  0.6255691317       0.000000000    
    16  0.6255691317       0.000000000    
    17  0.9786218218       0.000000000    
    18   1.007126737       0.000000000    
    19   1.032607767       0.000000000    
    20   1.051280437       0.000000000    
    21   1.234424429       0.000000000    
 
