terminate called after throwing an instance of 'std::runtime_error'
terminate called after throwing an instance of 'std::runtime_error'
  what():  
=== Fatal error at line 184 of file /global/cscratch1/sd/zhang714/install_sirius_2019_08_22/SIRIUS-develop-debug/src/SDDK/wf_ortho.cpp ===
error in factorization, info = 275
number of existing states: 0
number of new states: 453
number of wave_functions: 3
idx_bra: 0 idx_ket:2


terminate called after throwing an instance of 'std::runtime_error'
  what():  
=== Fatal error at line 184 of file /global/cscratch1/sd/zhang714/install_sirius_2019_08_22/SIRIUS-develop-debug/src/SDDK/wf_ortho.cpp ===
error in factorization, info = 275
number of existing states: 0
number of new states: 453
number of wave_functions: 3
idx_bra: 0 idx_ket:2


terminate called after throwing an instance of 'std::runtime_error'
  what():  
=== Fatal error at line 184 of file /global/cscratch1/sd/zhang714/install_sirius_2019_08_22/SIRIUS-develop-debug/src/SDDK/wf_ortho.cpp ===
error in factorization, info = 275
number of existing states: 0
number of new states: 453
number of wave_functions: 3
idx_bra: 0 idx_ket:2

terminate called after throwing an instance of 'std::runtime_error'
  what():  
=== Fatal error at line 184 of file /global/cscratch1/sd/zhang714/install_sirius_2019_08_22/SIRIUS-develop-debug/src/SDDK/wf_ortho.cpp ===
error in factorization, info = 275
number of existing states: 0
number of new states: 453
number of wave_functions: 3
idx_bra: 0 idx_ket:2


terminate called after throwing an instance of 'std::runtime_error'
  what():  
=== Fatal error at line 184 of file /global/cscratch1/sd/zhang714/install_sirius_2019_08_22/SIRIUS-develop-debug/src/SDDK/wf_ortho.cpp ===
error in factorization, info = 275
number of existing states: 0
number of new states: 453
number of wave_functions: 3
idx_bra: 0 idx_ket:2


terminate called after throwing an instance of 'std::runtime_error'
terminate called after throwing an instance of 'std::runtime_error'
  what():  
=== Fatal error at line 184 of file /global/cscratch1/sd/zhang714/install_sirius_2019_08_22/SIRIUS-develop-debug/src/SDDK/wf_ortho.cpp ===
error in factorization, info = 275
number of existing states: 0
number of new states: 453
number of wave_functions: 3
idx_bra: 0 idx_ket:2


terminate called after throwing an instance of 'std::runtime_error'

terminate called after throwing an instance of 'std::runtime_error'
  what():  
=== Fatal error at line 184 of file /global/cscratch1/sd/zhang714/install_sirius_2019_08_22/SIRIUS-develop-debug/src/SDDK/wf_ortho.cpp ===
error in factorization, info = 275
number of existing states: 0
number of new states: 453
number of wave_functions: 3
idx_bra: 0 idx_ket:2

  what():  
=== Fatal error at line 184 of file /global/cscratch1/sd/zhang714/install_sirius_2019_08_22/SIRIUS-develop-debug/src/SDDK/wf_ortho.cpp ===
error in factorization, info = 275
number of existing states: 0
number of new states: 453
number of wave_functions: 3
idx_bra: 0 idx_ket:2


terminate called after throwing an instance of 'std::runtime_error'
  what():  
=== Fatal error at line 184 of file /global/cscratch1/sd/zhang714/install_sirius_2019_08_22/SIRIUS-develop-debug/src/SDDK/wf_ortho.cpp ===
error in factorization, info = 275
number of existing states: 0
number of new states: 453
number of wave_functions: 3
idx_bra: 0 idx_ket:2

terminate called after throwing an instance of 'std::runtime_error'
  what():  
=== Fatal error at line 184 of file /global/cscratch1/sd/zhang714/install_sirius_2019_08_22/SIRIUS-develop-debug/src/SDDK/wf_ortho.cpp ===
error in factorization, info = 275
number of existing states: 0
number of new states: 453
number of wave_functions: 3
idx_bra: 0 idx_ket:2


terminate called after throwing an instance of 'std::runtime_error'
terminate called after throwing an instance of 'std::runtime_error'
  what():  
=== Fatal error at line 184 of file /global/cscratch1/sd/zhang714/install_sirius_2019_08_22/SIRIUS-develop-debug/src/SDDK/wf_ortho.cpp ===
error in factorization, info = 275
number of existing states: 0
number of new states: 453
number of wave_functions: 3
idx_bra: 0 idx_ket:2


terminate called after throwing an instance of 'std::runtime_error'
  what():  
=== Fatal error at line 184 of file /global/cscratch1/sd/zhang714/install_sirius_2019_08_22/SIRIUS-develop-debug/src/SDDK/wf_ortho.cpp ===
error in factorization, info = 275
number of existing states: 0
number of new states: 453
number of wave_functions: 3
idx_bra: 0 idx_ket:2


  what():  
=== Fatal error at line 184 of file /global/cscratch1/sd/zhang714/install_sirius_2019_08_22/SIRIUS-develop-debug/src/SDDK/wf_ortho.cpp ===
error in factorization, info = 275
number of existing states: 0
number of new states: 453
number of wave_functions: 3
idx_bra: 0 idx_ket:2


terminate called after throwing an instance of 'std::runtime_error'
  what():  
=== Fatal error at line 184 of file /global/cscratch1/sd/zhang714/install_sirius_2019_08_22/SIRIUS-develop-debug/src/SDDK/wf_ortho.cpp ===
error in factorization, info = 275
number of existing states: 0
number of new states: 453
number of wave_functions: 3
idx_bra: 0 idx_ket:2




  what():  
=== Fatal error at line 184 of file /global/cscratch1/sd/zhang714/install_sirius_2019_08_22/SIRIUS-develop-debug/src/SDDK/wf_ortho.cpp ===
error in factorization, info = 275
number of existing states: 0
number of new states: 453
number of wave_functions: 3
idx_bra: 0 idx_ket:2


  what():  
=== Fatal error at line 184 of file /global/cscratch1/sd/zhang714/install_sirius_2019_08_22/SIRIUS-develop-debug/src/SDDK/wf_ortho.cpp ===
error in factorization, info = 275
number of existing states: 0
number of new states: 453
number of wave_functions: 3
idx_bra: 0 idx_ket:2


forrtl: error (76): Abort trap signal
Image              PC                Routine            Line        Source             
elk                00000000216535A4  for__signal_handl     Unknown  Unknown
libpthread-2.26.s  00002AAADBF2A360  Unknown               Unknown  Unknown
libc-2.26.so       00002AAADC16C160  gsignal               Unknown  Unknown
libc-2.26.so       00002AAADC16D741  abort                 Unknown  Unknown
libstdc++.so.6.0.  00002AAAB2754E83  Unknown               Unknown  Unknown
libstdc++.so.6.0.  00002AAAB275ADD8  Unknown               Unknown  Unknown
libstdc++.so.6.0.  00002AAAB275AE23  Unknown               Unknown  Unknown
libstdc++.so.6.0.  00002AAAB275B053  Unknown               Unknown  Unknown
elk                0000000020C408FF  Unknown               Unknown  Unknown
elk                000000002114F4E9  Unknown               Unknown  Unknown
elk                0000000020D98B9B  Unknown               Unknown  Unknown
elk                0000000020D9C216  Unknown               Unknown  Unknown
elk                0000000020CC78A5  Unknown               Unknown  Unknown
elk                0000000020CC7391  Unknown               Unknown  Unknown
elk                0000000020D1B7B6  Unknown               Unknown  Unknown
elk                0000000020BD4524  Unknown               Unknown  Unknown
elk                0000000020BBA5BE  Unknown               Unknown  Unknown
elk                00000000207DDA02  Unknown               Unknown  Unknown
elk                000000002087C0AC  Unknown               Unknown  Unknown
elk                0000000020014812  Unknown               Unknown  Unknown
libc-2.26.so       00002AAADC156F8A  __libc_start_main     Unknown  Unknown
elk                000000002001472A  Unknown               Unknown  Unknown
forrtl: error (76): Abort trap signal
Image              PC                Routine            Line        Source             
elk                00000000216535A4  for__signal_handl     Unknown  Unknown
libpthread-2.26.s  00002AAADBF2A360  Unknown               Unknown  Unknown
libc-2.26.so       00002AAADC16C160  gsignal               Unknown  Unknown
libc-2.26.so       00002AAADC16D741  abort                 Unknown  Unknown
libstdc++.so.6.0.  00002AAAB2754E83  Unknown               Unknown  Unknown
libstdc++.so.6.0.  00002AAAB275ADD8  Unknown               Unknown  Unknown
libstdc++.so.6.0.  00002AAAB275AE23  Unknown               Unknown  Unknown
libstdc++.so.6.0.  00002AAAB275B053  Unknown               Unknown  Unknown
elk                0000000020C408FF  Unknown               Unknown  Unknown
elk                000000002114F4E9  Unknown               Unknown  Unknown
elk                0000000020D98B9B  Unknown               Unknown  Unknown
elk                0000000020D9C216  Unknown               Unknown  Unknown
elk                0000000020CC78A5  Unknown               Unknown  Unknown
elk                0000000020CC7391  Unknown               Unknown  Unknown
elk                0000000020D1B7B6  Unknown               Unknown  Unknown
elk                0000000020BD4524  Unknown               Unknown  Unknown
elk                0000000020BBA5BE  Unknown               Unknown  Unknown
elk                00000000207DDA02  Unknown               Unknown  Unknown
elk                000000002087C0AC  Unknown               Unknown  Unknown
elk                0000000020014812  Unknown               Unknown  Unknown
libc-2.26.so       00002AAADC156F8A  __libc_start_main     Unknown  Unknown
elk                000000002001472A  Unknown               Unknown  Unknown
forrtl: error (76): Abort trap signal
Image              PC                Routine            Line        Source             
elk                00000000216535A4  for__signal_handl     Unknown  Unknown
libpthread-2.26.s  00002AAADBF2A360  Unknown               Unknown  Unknown
libc-2.26.so       00002AAADC16C160  gsignal               Unknown  Unknown
libc-2.26.so       00002AAADC16D741  abort                 Unknown  Unknown
libstdc++.so.6.0.  00002AAAB2754E83  Unknown               Unknown  Unknown
libstdc++.so.6.0.  00002AAAB275ADD8  Unknown               Unknown  Unknown
libstdc++.so.6.0.  00002AAAB275AE23  Unknown               Unknown  Unknown
libstdc++.so.6.0.  00002AAAB275B053  Unknown               Unknown  Unknown
elk                0000000020C408FF  Unknown               Unknown  Unknown
elk                000000002114F4E9  Unknown               Unknown  Unknown
elk                0000000020D98B9B  Unknown               Unknown  Unknown
elk                0000000020D9C216  Unknown               Unknown  Unknown
elk                0000000020CC78A5  Unknown               Unknown  Unknown
elk                0000000020CC7391  Unknown               Unknown  Unknown
elk                0000000020D1B7B6  Unknown               Unknown  Unknown
elk                0000000020BD4524  Unknown               Unknown  Unknown
elk                0000000020BBA5BE  Unknown               Unknown  Unknown
elk                00000000207DDA02  Unknown               Unknown  Unknown
elk                000000002087C0AC  Unknown               Unknown  Unknown
elk                0000000020014812  Unknown               Unknown  Unknown
libc-2.26.so       00002AAADC156F8A  __libc_start_main     Unknown  Unknown
elk                000000002001472A  Unknown               Unknown  Unknown
forrtl: error (76): Abort trap signal
Image              PC                Routine            Line        Source             
elk                00000000216535A4  for__signal_handl     Unknown  Unknown
libpthread-2.26.s  00002AAADBF2A360  Unknown               Unknown  Unknown
libc-2.26.so       00002AAADC16C160  gsignal               Unknown  Unknown
libc-2.26.so       00002AAADC16D741  abort                 Unknown  Unknown
libstdc++.so.6.0.  00002AAAB2754E83  Unknown               Unknown  Unknown
libstdc++.so.6.0.  00002AAAB275ADD8  Unknown               Unknown  Unknown
libstdc++.so.6.0.  00002AAAB275AE23  Unknown               Unknown  Unknown
libstdc++.so.6.0.  00002AAAB275B053  Unknown               Unknown  Unknown
elk                0000000020C408FF  Unknown               Unknown  Unknown
elk                000000002114F4E9  Unknown               Unknown  Unknown
elk                0000000020D98B9B  Unknown               Unknown  Unknown
elk                0000000020D9C216  Unknown               Unknown  Unknown
elk                0000000020CC78A5  Unknown               Unknown  Unknown
elk                0000000020CC7391  Unknown               Unknown  Unknown
elk                0000000020D1B7B6  Unknown               Unknown  Unknown
elk                0000000020BD4524  Unknown               Unknown  Unknown
elk                0000000020BBA5BE  Unknown               Unknown  Unknown
elk                00000000207DDA02  Unknown               Unknown  Unknown
elk                000000002087C0AC  Unknown               Unknown  Unknown
elk                0000000020014812  Unknown               Unknown  Unknown
libc-2.26.so       00002AAADC156F8A  __libc_start_main     Unknown  Unknown
elk                000000002001472A  Unknown               Unknown  Unknown
forrtl: error (76): Abort trap signal
Image              PC                Routine            Line        Source             
elk                00000000216535A4  for__signal_handl     Unknown  Unknown
libpthread-2.26.s  00002AAADBF2A360  Unknown               Unknown  Unknown
libc-2.26.so       00002AAADC16C160  gsignal               Unknown  Unknown
libc-2.26.so       00002AAADC16D741  abort                 Unknown  Unknown
libstdc++.so.6.0.  00002AAAB2754E83  Unknown               Unknown  Unknown
libstdc++.so.6.0.  00002AAAB275ADD8  Unknown               Unknown  Unknown
libstdc++.so.6.0.  00002AAAB275AE23  Unknown               Unknown  Unknown
libstdc++.so.6.0.  00002AAAB275B053  Unknown               Unknown  Unknown
elk                0000000020C408FF  Unknown               Unknown  Unknown
elk                000000002114F4E9  Unknown               Unknown  Unknown
elk                0000000020D98B9B  Unknown               Unknown  Unknown
elk                0000000020D9C216  Unknown               Unknown  Unknown
elk                0000000020CC78A5  Unknown               Unknown  Unknown
elk                0000000020CC7391  Unknown               Unknown  Unknown
elk                0000000020D1B7B6  Unknown               Unknown  Unknown
elk                0000000020BD4524  Unknown               Unknown  Unknown
elk                0000000020BBA5BE  Unknown               Unknown  Unknown
elk                00000000207DDA02  Unknown               Unknown  Unknown
elk                000000002087C0AC  Unknown               Unknown  Unknown
elk                0000000020014812  Unknown               Unknown  Unknown
libc-2.26.so       00002AAADC156F8A  __libc_start_main     Unknown  Unknown
elk                000000002001472A  Unknown               Unknown  Unknown
forrtl: error (76): Abort trap signal
Image              PC                Routine            Line        Source             
elk                00000000216535A4  for__signal_handl     Unknown  Unknown
libpthread-2.26.s  00002AAADBF2A360  Unknown               Unknown  Unknown
libc-2.26.so       00002AAADC16C160  gsignal               Unknown  Unknown
libc-2.26.so       00002AAADC16D741  abort                 Unknown  Unknown
libstdc++.so.6.0.  00002AAAB2754E83  Unknown               Unknown  Unknown
libstdc++.so.6.0.  00002AAAB275ADD8  Unknown               Unknown  Unknown
libstdc++.so.6.0.  00002AAAB275AE23  Unknown               Unknown  Unknown
libstdc++.so.6.0.  00002AAAB275B053  Unknown               Unknown  Unknown
elk                0000000020C408FF  Unknown               Unknown  Unknown
elk                000000002114F4E9  Unknown               Unknown  Unknown
elk                0000000020D98B9B  Unknown               Unknown  Unknown
elk                0000000020D9C216  Unknown               Unknown  Unknown
elk                0000000020CC78A5  Unknown               Unknown  Unknown
elk                0000000020CC7391  Unknown               Unknown  Unknown
elk                0000000020D1B7B6  Unknown               Unknown  Unknown
elk                0000000020BD4524  Unknown               Unknown  Unknown
elk                0000000020BBA5BE  Unknown               Unknown  Unknown
elk                00000000207DDA02  Unknown               Unknown  Unknown
elk                000000002087C0AC  Unknown               Unknown  Unknown
elk                0000000020014812  Unknown               Unknown  Unknown
libc-2.26.so       00002AAADC156F8A  __libc_start_main     Unknown  Unknown
elk                000000002001472A  Unknown               Unknown  Unknown
forrtl: error (76): Abort trap signal
Image              PC                Routine            Line        Source             
elk                00000000216535A4  for__signal_handl     Unknown  Unknown
libpthread-2.26.s  00002AAADBF2A360  Unknown               Unknown  Unknown
libc-2.26.so       00002AAADC16C160  gsignal               Unknown  Unknown
libc-2.26.so       00002AAADC16D741  abort                 Unknown  Unknown
libstdc++.so.6.0.  00002AAAB2754E83  Unknown               Unknown  Unknown
libstdc++.so.6.0.  00002AAAB275ADD8  Unknown               Unknown  Unknown
libstdc++.so.6.0.  00002AAAB275AE23  Unknown               Unknown  Unknown
libstdc++.so.6.0.  00002AAAB275B053  Unknown               Unknown  Unknown
elk                0000000020C408FF  Unknown               Unknown  Unknown
elk                000000002114F4E9  Unknown               Unknown  Unknown
elk                0000000020D98B9B  Unknown               Unknown  Unknown
elk                0000000020D9C216  Unknown               Unknown  Unknown
elk                0000000020CC78A5  Unknown               Unknown  Unknown
elk                0000000020CC7391  Unknown               Unknown  Unknown
elk                0000000020D1B7B6  Unknown               Unknown  Unknown
elk                0000000020BD4524  Unknown               Unknown  Unknown
elk                0000000020BBA5BE  Unknown               Unknown  Unknown
elk                00000000207DDA02  Unknown               Unknown  Unknown
elk                000000002087C0AC  Unknown               Unknown  Unknown
elk                0000000020014812  Unknown               Unknown  Unknown
libc-2.26.so       00002AAADC156F8A  __libc_start_main     Unknown  Unknown
elk                000000002001472A  Unknown               Unknown  Unknown
forrtl: error (76): Abort trap signal
Image              PC                Routine            Line        Source             
elk                00000000216535A4  for__signal_handl     Unknown  Unknown
libpthread-2.26.s  00002AAADBF2A360  Unknown               Unknown  Unknown
libc-2.26.so       00002AAADC16C160  gsignal               Unknown  Unknown
libc-2.26.so       00002AAADC16D741  abort                 Unknown  Unknown
libstdc++.so.6.0.  00002AAAB2754E83  Unknown               Unknown  Unknown
libstdc++.so.6.0.  00002AAAB275ADD8  Unknown               Unknown  Unknown
libstdc++.so.6.0.  00002AAAB275AE23  Unknown               Unknown  Unknown
libstdc++.so.6.0.  00002AAAB275B053  Unknown               Unknown  Unknown
elk                0000000020C408FF  Unknown               Unknown  Unknown
elk                000000002114F4E9  Unknown               Unknown  Unknown
elk                0000000020D98B9B  Unknown               Unknown  Unknown
elk                0000000020D9C216  Unknown               Unknown  Unknown
elk                0000000020CC78A5  Unknown               Unknown  Unknown
elk                0000000020CC7391  Unknown               Unknown  Unknown
elk                0000000020D1B7B6  Unknown               Unknown  Unknown
elk                0000000020BD4524  Unknown               Unknown  Unknown
elk                0000000020BBA5BE  Unknown               Unknown  Unknown
elk                00000000207DDA02  Unknown               Unknown  Unknown
elk                000000002087C0AC  Unknown               Unknown  Unknown
elk                0000000020014812  Unknown               Unknown  Unknown
libc-2.26.so       00002AAADC156F8A  __libc_start_main     Unknown  Unknown
elk                000000002001472A  Unknown               Unknown  Unknown
forrtl: error (76): Abort trap signal
Image              PC                Routine            Line        Source             
elk                00000000216535A4  for__signal_handl     Unknown  Unknown
libpthread-2.26.s  00002AAADBF2A360  Unknown               Unknown  Unknown
libc-2.26.so       00002AAADC16C160  gsignal               Unknown  Unknown
libc-2.26.so       00002AAADC16D741  abort                 Unknown  Unknown
libstdc++.so.6.0.  00002AAAB2754E83  Unknown               Unknown  Unknown
libstdc++.so.6.0.  00002AAAB275ADD8  Unknown               Unknown  Unknown
libstdc++.so.6.0.  00002AAAB275AE23  Unknown               Unknown  Unknown
libstdc++.so.6.0.  00002AAAB275B053  Unknown               Unknown  Unknown
elk                0000000020C408FF  Unknown               Unknown  Unknown
elk                000000002114F4E9  Unknown               Unknown  Unknown
elk                0000000020D98B9B  Unknown               Unknown  Unknown
elk                0000000020D9C216  Unknown               Unknown  Unknown
elk                0000000020CC78A5  Unknown               Unknown  Unknown
elk                0000000020CC7391  Unknown               Unknown  Unknown
elk                0000000020D1B7B6  Unknown               Unknown  Unknown
elk                0000000020BD4524  Unknown               Unknown  Unknown
elk                0000000020BBA5BE  Unknown               Unknown  Unknown
elk                00000000207DDA02  Unknown               Unknown  Unknown
elk                000000002087C0AC  Unknown               Unknown  Unknown
elk                0000000020014812  Unknown               Unknown  Unknown
libc-2.26.so       00002AAADC156F8A  __libc_start_main     Unknown  Unknown
elk                000000002001472A  Unknown               Unknown  Unknown
forrtl: error (76): Abort trap signal
Image              PC                Routine            Line        Source             
elk                00000000216535A4  for__signal_handl     Unknown  Unknown
libpthread-2.26.s  00002AAADBF2A360  Unknown               Unknown  Unknown
libc-2.26.so       00002AAADC16C160  gsignal               Unknown  Unknown
libc-2.26.so       00002AAADC16D741  abort                 Unknown  Unknown
libstdc++.so.6.0.  00002AAAB2754E83  Unknown               Unknown  Unknown
libstdc++.so.6.0.  00002AAAB275ADD8  Unknown               Unknown  Unknown
libstdc++.so.6.0.  00002AAAB275AE23  Unknown               Unknown  Unknown
libstdc++.so.6.0.  00002AAAB275B053  Unknown               Unknown  Unknown
elk                0000000020C408FF  Unknown               Unknown  Unknown
elk                000000002114F4E9  Unknown               Unknown  Unknown
elk                0000000020D98B9B  Unknown               Unknown  Unknown
elk                0000000020D9C216  Unknown               Unknown  Unknown
elk                0000000020CC78A5  Unknown               Unknown  Unknown
elk                0000000020CC7391  Unknown               Unknown  Unknown
elk                0000000020D1B7B6  Unknown               Unknown  Unknown
elk                0000000020BD4524  Unknown               Unknown  Unknown
elk                0000000020BBA5BE  Unknown               Unknown  Unknown
elk                00000000207DDA02  Unknown               Unknown  Unknown
elk                000000002087C0AC  Unknown               Unknown  Unknown
elk                0000000020014812  Unknown               Unknown  Unknown
libc-2.26.so       00002AAADC156F8A  __libc_start_main     Unknown  Unknown
elk                000000002001472A  Unknown               Unknown  Unknown
forrtl: error (76): Abort trap signal
Image              PC                Routine            Line        Source             
elk                00000000216535A4  for__signal_handl     Unknown  Unknown
libpthread-2.26.s  00002AAADBF2A360  Unknown               Unknown  Unknown
libc-2.26.so       00002AAADC16C160  gsignal               Unknown  Unknown
libc-2.26.so       00002AAADC16D741  abort                 Unknown  Unknown
libstdc++.so.6.0.  00002AAAB2754E83  Unknown               Unknown  Unknown
libstdc++.so.6.0.  00002AAAB275ADD8  Unknown               Unknown  Unknown
libstdc++.so.6.0.  00002AAAB275AE23  Unknown               Unknown  Unknown
libstdc++.so.6.0.  00002AAAB275B053  Unknown               Unknown  Unknown
elk                0000000020C408FF  Unknown               Unknown  Unknown
elk                000000002114F4E9  Unknown               Unknown  Unknown
elk                0000000020D98B9B  Unknown               Unknown  Unknown
elk                0000000020D9C216  Unknown               Unknown  Unknown
elk                0000000020CC78A5  Unknown               Unknown  Unknown
elk                0000000020CC7391  Unknown               Unknown  Unknown
elk                0000000020D1B7B6  Unknown               Unknown  Unknown
elk                0000000020BD4524  Unknown               Unknown  Unknown
elk                0000000020BBA5BE  Unknown               Unknown  Unknown
elk                00000000207DDA02  Unknown               Unknown  Unknown
elk                000000002087C0AC  Unknown               Unknown  Unknown
elk                0000000020014812  Unknown               Unknown  Unknown
libc-2.26.so       00002AAADC156F8A  __libc_start_main     Unknown  Unknown
elk                000000002001472A  Unknown               Unknown  Unknown
forrtl: error (76): Abort trap signal
Image              PC                Routine            Line        Source             
elk                00000000216535A4  for__signal_handl     Unknown  Unknown
libpthread-2.26.s  00002AAADBF2A360  Unknown               Unknown  Unknown
libc-2.26.so       00002AAADC16C160  gsignal               Unknown  Unknown
libc-2.26.so       00002AAADC16D741  abort                 Unknown  Unknown
libstdc++.so.6.0.  00002AAAB2754E83  Unknown               Unknown  Unknown
libstdc++.so.6.0.  00002AAAB275ADD8  Unknown               Unknown  Unknown
libstdc++.so.6.0.  00002AAAB275AE23  Unknown               Unknown  Unknown
libstdc++.so.6.0.  00002AAAB275B053  Unknown               Unknown  Unknown
elk                0000000020C408FF  Unknown               Unknown  Unknown
elk                000000002114F4E9  Unknown               Unknown  Unknown
elk                0000000020D98B9B  Unknown               Unknown  Unknown
elk                0000000020D9C216  Unknown               Unknown  Unknown
elk                0000000020CC78A5  Unknown               Unknown  Unknown
elk                0000000020CC7391  Unknown               Unknown  Unknown
elk                0000000020D1B7B6  Unknown               Unknown  Unknown
elk                0000000020BD4524  Unknown               Unknown  Unknown
elk                0000000020BBA5BE  Unknown               Unknown  Unknown
elk                00000000207DDA02  Unknown               Unknown  Unknown
elk                000000002087C0AC  Unknown               Unknown  Unknown
elk                0000000020014812  Unknown               Unknown  Unknown
libc-2.26.so       00002AAADC156F8A  __libc_start_main     Unknown  Unknown
elk                000000002001472A  Unknown               Unknown  Unknown
forrtl: error (76): Abort trap signal
Image              PC                Routine            Line        Source             
elk                00000000216535A4  for__signal_handl     Unknown  Unknown
libpthread-2.26.s  00002AAADBF2A360  Unknown               Unknown  Unknown
libc-2.26.so       00002AAADC16C160  gsignal               Unknown  Unknown
libc-2.26.so       00002AAADC16D741  abort                 Unknown  Unknown
libstdc++.so.6.0.  00002AAAB2754E83  Unknown               Unknown  Unknown
libstdc++.so.6.0.  00002AAAB275ADD8  Unknown               Unknown  Unknown
libstdc++.so.6.0.  00002AAAB275AE23  Unknown               Unknown  Unknown
libstdc++.so.6.0.  00002AAAB275B053  Unknown               Unknown  Unknown
elk                0000000020C408FF  Unknown               Unknown  Unknown
elk                000000002114F4E9  Unknown               Unknown  Unknown
elk                0000000020D98B9B  Unknown               Unknown  Unknown
elk                0000000020D9C216  Unknown               Unknown  Unknown
elk                0000000020CC78A5  Unknown               Unknown  Unknown
elk                0000000020CC7391  Unknown               Unknown  Unknown
elk                0000000020D1B7B6  Unknown               Unknown  Unknown
elk                0000000020BD4524  Unknown               Unknown  Unknown
elk                0000000020BBA5BE  Unknown               Unknown  Unknown
elk                00000000207DDA02  Unknown               Unknown  Unknown
elk                000000002087C0AC  Unknown               Unknown  Unknown
elk                0000000020014812  Unknown               Unknown  Unknown
libc-2.26.so       00002AAADC156F8A  __libc_start_main     Unknown  Unknown
elk                000000002001472A  Unknown               Unknown  Unknown
forrtl: error (76): Abort trap signal
Image              PC                Routine            Line        Source             
elk                00000000216535A4  for__signal_handl     Unknown  Unknown
libpthread-2.26.s  00002AAADBF2A360  Unknown               Unknown  Unknown
libc-2.26.so       00002AAADC16C160  gsignal               Unknown  Unknown
libc-2.26.so       00002AAADC16D741  abort                 Unknown  Unknown
libstdc++.so.6.0.  00002AAAB2754E83  Unknown               Unknown  Unknown
libstdc++.so.6.0.  00002AAAB275ADD8  Unknown               Unknown  Unknown
libstdc++.so.6.0.  00002AAAB275AE23  Unknown               Unknown  Unknown
libstdc++.so.6.0.  00002AAAB275B053  Unknown               Unknown  Unknown
elk                0000000020C408FF  Unknown               Unknown  Unknown
elk                000000002114F4E9  Unknown               Unknown  Unknown
elk                0000000020D98B9B  Unknown               Unknown  Unknown
elk                0000000020D9C216  Unknown               Unknown  Unknown
elk                0000000020CC78A5  Unknown               Unknown  Unknown
elk                0000000020CC7391  Unknown               Unknown  Unknown
elk                0000000020D1B7B6  Unknown               Unknown  Unknown
elk                0000000020BD4524  Unknown               Unknown  Unknown
elk                0000000020BBA5BE  Unknown               Unknown  Unknown
elk                00000000207DDA02  Unknown               Unknown  Unknown
elk                000000002087C0AC  Unknown               Unknown  Unknown
elk                0000000020014812  Unknown               Unknown  Unknown
libc-2.26.so       00002AAADC156F8A  __libc_start_main     Unknown  Unknown
elk                000000002001472A  Unknown               Unknown  Unknown
forrtl: error (76): Abort trap signal
Image              PC                Routine            Line        Source             
elk                00000000216535A4  for__signal_handl     Unknown  Unknown
libpthread-2.26.s  00002AAADBF2A360  Unknown               Unknown  Unknown
libc-2.26.so       00002AAADC16C160  gsignal               Unknown  Unknown
libc-2.26.so       00002AAADC16D741  abort                 Unknown  Unknown
libstdc++.so.6.0.  00002AAAB2754E83  Unknown               Unknown  Unknown
libstdc++.so.6.0.  00002AAAB275ADD8  Unknown               Unknown  Unknown
libstdc++.so.6.0.  00002AAAB275AE23  Unknown               Unknown  Unknown
libstdc++.so.6.0.  00002AAAB275B053  Unknown               Unknown  Unknown
elk                0000000020C408FF  Unknown               Unknown  Unknown
elk                000000002114F4E9  Unknown               Unknown  Unknown
elk                0000000020D98B9B  Unknown               Unknown  Unknown
elk                0000000020D9C216  Unknown               Unknown  Unknown
elk                0000000020CC78A5  Unknown               Unknown  Unknown
elk                0000000020CC7391  Unknown               Unknown  Unknown
elk                0000000020D1B7B6  Unknown               Unknown  Unknown
elk                0000000020BD4524  Unknown               Unknown  Unknown
elk                0000000020BBA5BE  Unknown               Unknown  Unknown
elk                00000000207DDA02  Unknown               Unknown  Unknown
elk                000000002087C0AC  Unknown               Unknown  Unknown
elk                0000000020014812  Unknown               Unknown  Unknown
libc-2.26.so       00002AAADC156F8A  __libc_start_main     Unknown  Unknown
elk                000000002001472A  Unknown               Unknown  Unknown
forrtl: error (76): Abort trap signal
Image              PC                Routine            Line        Source             
elk                00000000216535A4  for__signal_handl     Unknown  Unknown
libpthread-2.26.s  00002AAADBF2A360  Unknown               Unknown  Unknown
libc-2.26.so       00002AAADC16C160  gsignal               Unknown  Unknown
libc-2.26.so       00002AAADC16D741  abort                 Unknown  Unknown
libstdc++.so.6.0.  00002AAAB2754E83  Unknown               Unknown  Unknown
libstdc++.so.6.0.  00002AAAB275ADD8  Unknown               Unknown  Unknown
libstdc++.so.6.0.  00002AAAB275AE23  Unknown               Unknown  Unknown
libstdc++.so.6.0.  00002AAAB275B053  Unknown               Unknown  Unknown
elk                0000000020C408FF  Unknown               Unknown  Unknown
elk                000000002114F4E9  Unknown               Unknown  Unknown
elk                0000000020D98B9B  Unknown               Unknown  Unknown
elk                0000000020D9C216  Unknown               Unknown  Unknown
elk                0000000020CC78A5  Unknown               Unknown  Unknown
elk                0000000020CC7391  Unknown               Unknown  Unknown
elk                0000000020D1B7B6  Unknown               Unknown  Unknown
elk                0000000020BD4524  Unknown               Unknown  Unknown
elk                0000000020BBA5BE  Unknown               Unknown  Unknown
elk                00000000207DDA02  Unknown               Unknown  Unknown
elk                000000002087C0AC  Unknown               Unknown  Unknown
elk                0000000020014812  Unknown               Unknown  Unknown
libc-2.26.so       00002AAADC156F8A  __libc_start_main     Unknown  Unknown
elk                000000002001472A  Unknown               Unknown  Unknown
srun: error: nid00612: task 2: Aborted
srun: Terminating job step 25943049.0
srun: error: nid00554: task 0: Aborted
srun: error: nid00616: task 6: Aborted
srun: error: nid00624: task 14: Aborted
srun: error: nid00614: task 4: Aborted
srun: error: nid00625: task 15: Aborted
srun: error: nid00618: task 8: Aborted
srun: error: nid00615: task 5: Aborted
srun: error: nid00619: task 9: Aborted
srun: error: nid00623: task 13: Aborted
srun: error: nid00613: task 3: Aborted
srun: error: nid00617: task 7: Aborted
srun: error: nid00611: task 1: Aborted
srun: error: nid00622: task 12: Aborted
srun: error: nid00620: task 10: Aborted
srun: error: nid00621: task 11: Aborted (core dumped)
 
 ================================================= 
 The job is done in time.                          
 Time used for execution: 16 min 43 sec 
 ================================================= 
 
